<?xml version="1.0" encoding="UTF-8"?>
<!-- Generated by org.testng.reporters.JUnitReportReporter -->
<testsuite hostname="PCIN468552" name="test.registrationTest" tests="2" failures="0" timestamp="4 Jan 2021 07:07:35 GMT" time="31.243" errors="0">
  <testcase name="validRegistration" time="9.581" classname="test.registrationTest"/>
  <testcase name="invalidRegistration" time="21.662" classname="test.registrationTest"/>
</testsuite> <!-- test.registrationTest -->
