<?xml version="1.0" encoding="UTF-8"?>
<!-- Generated by org.testng.reporters.JUnitReportReporter -->
<testsuite hostname="PCIN468552" name="test.registrationTest" tests="2" failures="0" timestamp="24 Dec 2020 13:43:32 GMT" time="45.349" errors="0">
  <testcase name="invalidRegistration" time="21.016" classname="test.registrationTest"/>
  <testcase name="validRegistration" time="24.333" classname="test.registrationTest"/>
</testsuite> <!-- test.registrationTest -->
