<?xml version="1.0" encoding="UTF-8"?>
<!-- Generated by org.testng.reporters.JUnitReportReporter -->
<testsuite hostname="PCIN468552" name="test.updateinfoTest" tests="2" failures="0" timestamp="8 Jan 2021 08:45:42 GMT" time="14.004" errors="0">
  <testcase name="validUpdate" time="4.451" classname="test.updateinfoTest"/>
  <testcase name="invalidUpdate" time="9.553" classname="test.updateinfoTest"/>
</testsuite> <!-- test.updateinfoTest -->
