<?xml version="1.0" encoding="UTF-8"?>
<!-- Generated by org.testng.reporters.JUnitReportReporter -->
<testsuite hostname="PCIN468552" name="test.openaccountTest" tests="2" failures="0" timestamp="8 Jan 2021 08:45:42 GMT" time="7.336" errors="0">
  <testcase name="verifyAccount" time="1.334" classname="test.openaccountTest"/>
  <testcase name="openaccountmessage" time="6.002" classname="test.openaccountTest"/>
</testsuite> <!-- test.openaccountTest -->
