<?xml version="1.0" encoding="UTF-8"?>
<!-- Generated by org.testng.reporters.JUnitReportReporter -->
<testsuite hostname="PCIN468552" name="test.TransferAmountTest" tests="1" failures="0" timestamp="8 Jan 2021 08:45:42 GMT" time="33.629" errors="0">
  <testcase name="transferringAmount" time="33.629" classname="test.TransferAmountTest"/>
</testsuite> <!-- test.TransferAmountTest -->
