<?xml version="1.0" encoding="UTF-8"?>
<!-- Generated by org.testng.reporters.JUnitReportReporter -->
<testsuite hostname="PCIN468552" name="test.TransferAmountTest" tests="1" failures="0" timestamp="19 Jan 2021 04:26:18 GMT" time="31.072" errors="0">
  <testcase name="transferringAmount" time="31.072" classname="test.TransferAmountTest"/>
</testsuite> <!-- test.TransferAmountTest -->
