<?xml version="1.0" encoding="UTF-8"?>
<!-- Generated by org.testng.reporters.JUnitReportReporter -->
<testsuite hostname="PCIN468552" name="test.registrationTest" tests="2" failures="0" timestamp="8 Jan 2021 08:45:42 GMT" time="66.674" errors="0">
  <testcase name="validRegistration" time="11.184" classname="test.registrationTest"/>
  <testcase name="invalidRegistration" time="55.490" classname="test.registrationTest"/>
</testsuite> <!-- test.registrationTest -->
