<?xml version="1.0" encoding="UTF-8"?>
<!-- Generated by org.testng.reporters.JUnitReportReporter -->
<testsuite hostname="PCIN468552" name="test.paybillTest" tests="2" failures="0" timestamp="19 Jan 2021 04:26:18 GMT" time="19.452" errors="0">
  <testcase name="invalidBillPay" time="17.464" classname="test.paybillTest"/>
  <testcase name="validBillPay" time="1.988" classname="test.paybillTest"/>
</testsuite> <!-- test.paybillTest -->
