<?xml version="1.0" encoding="UTF-8"?>
<!-- Generated by org.testng.reporters.JUnitReportReporter -->
<testsuite hostname="PCIN468552" name="test.registrationTest" tests="2" failures="0" timestamp="28 Dec 2020 05:42:00 GMT" time="54.265" errors="0">
  <testcase name="invalidRegistration" time="21.333" classname="test.registrationTest"/>
  <testcase name="validRegistration" time="32.932" classname="test.registrationTest"/>
</testsuite> <!-- test.registrationTest -->
