<?xml version="1.0" encoding="UTF-8"?>
<!-- Generated by org.testng.reporters.JUnitReportReporter -->
<testsuite hostname="PCIN468552" name="test.openaccountTest" tests="2" failures="0" timestamp="19 Jan 2021 04:26:18 GMT" time="7.680" errors="0">
  <testcase name="verifyAccount" time="1.291" classname="test.openaccountTest"/>
  <testcase name="openaccountmessage" time="6.389" classname="test.openaccountTest"/>
</testsuite> <!-- test.openaccountTest -->
