<?xml version="1.0" encoding="UTF-8"?>
<!-- Generated by org.testng.reporters.JUnitReportReporter -->
<testsuite hostname="PCIN468552" name="test.updateinfoTest" tests="2" failures="0" timestamp="19 Jan 2021 04:26:18 GMT" time="14.862" errors="0">
  <testcase name="validUpdate" time="4.485" classname="test.updateinfoTest"/>
  <testcase name="invalidUpdate" time="10.377" classname="test.updateinfoTest"/>
</testsuite> <!-- test.updateinfoTest -->
