<?xml version="1.0" encoding="UTF-8"?>
<!-- Generated by org.testng.reporters.JUnitReportReporter -->
<testsuite hostname="PCIN468552" name="test.registrationTest" tests="2" failures="0" timestamp="30 Dec 2020 04:22:55 GMT" time="50.025" errors="0">
  <testcase name="validRegistration" time="27.925" classname="test.registrationTest"/>
  <testcase name="invalidRegistration" time="22.100" classname="test.registrationTest"/>
</testsuite> <!-- test.registrationTest -->
