<?xml version="1.0" encoding="UTF-8"?>
<!-- Generated by org.testng.reporters.JUnitReportReporter -->
<testsuite hostname="PCIN468552" name="test.paybillTest" tests="2" failures="0" timestamp="8 Jan 2021 08:45:42 GMT" time="19.936" errors="0">
  <testcase name="invalidBillPay" time="17.900" classname="test.paybillTest"/>
  <testcase name="validBillPay" time="2.036" classname="test.paybillTest"/>
</testsuite> <!-- test.paybillTest -->
