<?xml version="1.0" encoding="UTF-8"?>
<!-- Generated by org.testng.reporters.JUnitReportReporter -->
<testsuite hostname="PCIN468552" name="test.registrationTest" tests="2" failures="0" timestamp="19 Jan 2021 04:26:18 GMT" time="76.249" errors="0">
  <testcase name="validRegistration" time="17.107" classname="test.registrationTest"/>
  <testcase name="invalidRegistration" time="59.142" classname="test.registrationTest"/>
</testsuite> <!-- test.registrationTest -->
